Removed Pin From Net: NetName=RESET_PW Pin=SW3-2
Removed Pin From Net: NetName=3V3 Pin=SW3-4
Removed Pin From Net: NetName=WIFI_CONF Pin=SW4-2
Removed Pin From Net: NetName=3V3 Pin=SW4-4
Removed Member From Class: ClassName=schematic Member=SW3
Removed Member From Class: ClassName=schematic Member=SW4
Change Component Designator: OldDesignator=SW1 NewDesignator=BOOT
Change Component Designator: OldDesignator=SW2 NewDesignator=EN
Added Component: Designator=P5(HDR1X2)
Add component (AddParameter): Name = "LatestRevisionDate"; Value = "17-Jul-2002"; VariantName = "[No Variations]"
Add component (AddParameter): Name = "LatestRevisionNote"; Value = "Re-released for DXP Platform."; VariantName = "[No Variations]"
Add component (AddParameter): Name = "Publisher"; Value = "Altium Limited"; VariantName = "[No Variations]"
Added Component: Designator=P6(HDR1X2)
Add component (AddParameter): Name = "LatestRevisionDate"; Value = "17-Jul-2002"; VariantName = "[No Variations]"
Add component (AddParameter): Name = "LatestRevisionNote"; Value = "Re-released for DXP Platform."; VariantName = "[No Variations]"
Add component (AddParameter): Name = "Publisher"; Value = "Altium Limited"; VariantName = "[No Variations]"
Added Pin To Net: NetName=3V3 Pin=P5-1
Added Pin To Net: NetName=RESET_PW Pin=P5-2
Added Pin To Net: NetName=3V3 Pin=P6-1
Added Pin To Net: NetName=WIFI_CONF Pin=P6-2
Added Pin To Net: NetName=RESET_PW Pin=R6-1
Added Pin To Net: NetName=WIFI_CONF Pin=R7-1
Added Member To Class: ClassName=schematic Member=Component P5 PW reset button
Added Member To Class: ClassName=schematic Member=Component P6 WiFi config button
Added Room: Name=schematic
