Removed Pin From Net: NetName=3V3 Pin=C5-1
Removed Pin From Net: NetName=3V3 Pin=C6-1
Removed Pin From Net: NetName=3V3 Pin=MD1-2
Removed Pin From Net: NetName=R1 Pin=MD1-6
Removed Pin From Net: NetName=R2 Pin=MD1-7
Removed Pin From Net: NetName=3V3 Pin=R1-2
Removed Pin From Net: NetName=GND Pin=R7-2
Removed Pin From Net: NetName=3V3 Pin=WIFI-1
Added Component: Designator=POW(HDR1X2)
Add component (AddParameter): Name = "LatestRevisionDate"; Value = "17-Jul-2002"; VariantName = "[No Variations]"
Add component (AddParameter): Name = "LatestRevisionNote"; Value = "Re-released for DXP Platform."; VariantName = "[No Variations]"
Add component (AddParameter): Name = "Publisher"; Value = "Altium Limited"; VariantName = "[No Variations]"
Added Pin To Net: NetName=R1 Pin=MD1-26
Added Pin To Net: NetName=R2 Pin=MD1-37
Added Pin To Net: NetName=3V3 Pin=POW-1
Added Pin To Net: NetName=NetC5_1 Pin=C5-1
Added Pin To Net: NetName=NetC5_1 Pin=C6-1
Added Pin To Net: NetName=NetC5_1 Pin=MD1-2
Added Pin To Net: NetName=NetC5_1 Pin=POW-2
Added Pin To Net: NetName=NetC5_1 Pin=R1-2
Added Net: Name=NetC5_1
Added Member To Class: ClassName=schematic Member=Component C3 0.1uF
Added Member To Class: ClassName=schematic Member=Component POW Power enable
Added Room: Name=schematic
